{
  "stats": {
    "suites": 6,
    "tests": 38,
    "passes": 38,
    "pending": 0,
    "failures": 0,
    "testsRegistered": 38,
    "passPercent": 100,
    "pendingPercent": 0,
    "other": 0,
    "hasOther": false,
    "skipped": 0,
    "hasSkipped": false,
    "start": "2025-10-04T18:03:53.292Z",
    "end": "2025-10-04T18:17:34.747Z",
    "duration": 821455
  },
  "results": [
    {
      "uuid": "101efd72-c07a-43f3-b939-94ec2b34226f",
      "title": "",
      "fullFile": "cypress\\e2e\\US01_Login.cy.js",
      "file": "cypress\\e2e\\US01_Login.cy.js",
      "beforeHooks": [],
      "afterHooks": [],
      "tests": [],
      "suites": [
        {
          "uuid": "65a92b5d-cc5d-4838-be36-02887ba93a9b",
          "title": "Kitapsepeti Login Testleri",
          "fullFile": "",
          "file": "",
          "beforeHooks": [],
          "afterHooks": [],
          "tests": [
            {
              "title": "TC01_Giriş Pop-up Erişim",
              "fullTitle": "Kitapsepeti Login Testleri TC01_Giriş Pop-up Erişim",
              "timedOut": null,
              "duration": 3143,
              "state": "passed",
              "speed": "fast",
              "pass": true,
              "fail": false,
              "pending": false,
              "context": null,
              "code": "cy.fixture(\"LoginInfo\").then(expected => {\n  _LoginPage.default.visit();\n  _LoginPage.default.openLoginPopup();\n});",
              "err": {},
              "uuid": "00dc81b6-6408-446a-8470-6e47dacfcd00",
              "parentUUID": "65a92b5d-cc5d-4838-be36-02887ba93a9b",
              "isHook": false,
              "skipped": false
            },
            {
              "title": "TC02_Login Form alanı kontrolü",
              "fullTitle": "Kitapsepeti Login Testleri TC02_Login Form alanı kontrolü",
              "timedOut": null,
              "duration": 1588,
              "state": "passed",
              "speed": "fast",
              "pass": true,
              "fail": false,
              "pending": false,
              "context": null,
              "code": "cy.fixture(\"LoginInfo\").then(expected => {\n  _LoginPage.default.visit();\n  _LoginPage.default.openLoginPopup();\n  cy.get('#header-email').should(\"be.visible\");\n  cy.get('#header-password').should(\"be.visible\");\n  cy.contains('label', 'Beni Hatırla').should('exist');\n  cy.get('#login-btn-322').should(\"be.visible\");\n});",
              "err": {},
              "uuid": "c4b50e98-5018-4114-8ea8-b783857ae9c3",
              "parentUUID": "65a92b5d-cc5d-4838-be36-02887ba93a9b",
              "isHook": false,
              "skipped": false
            },
            {
              "title": "TC03_Geçerli kullanıcı ile login olmalı",
              "fullTitle": "Kitapsepeti Login Testleri TC03_Geçerli kullanıcı ile login olmalı",
              "timedOut": null,
              "duration": 2054,
              "state": "passed",
              "speed": "fast",
              "pass": true,
              "fail": false,
              "pending": false,
              "context": null,
              "code": "cy.fixture(\"LoginInfo\").then(expected => {\n  _LoginPage.default.visit();\n  _LoginPage.default.openLoginPopup();\n  _LoginPage.default.fillEmail(expected.validUser.email);\n  _LoginPage.default.fillPassword(expected.validUser.password);\n  _LoginPage.default.submitLogin();\n});",
              "err": {},
              "uuid": "3ca43f96-daf6-4835-8ef1-79b9b8623d70",
              "parentUUID": "65a92b5d-cc5d-4838-be36-02887ba93a9b",
              "isHook": false,
              "skipped": false
            },
            {
              "title": "TC04_Geçersiz kullanıcı ile login olmamalı",
              "fullTitle": "Kitapsepeti Login Testleri TC04_Geçersiz kullanıcı ile login olmamalı",
              "timedOut": null,
              "duration": 2270,
              "state": "passed",
              "speed": "fast",
              "pass": true,
              "fail": false,
              "pending": false,
              "context": null,
              "code": "cy.fixture(\"LoginInfo\").then(expected => {\n  _LoginPage.default.visit();\n  _LoginPage.default.openLoginPopup();\n  _LoginPage.default.fillEmail(expected.invalidUser.email);\n  _LoginPage.default.fillPassword(expected.invalidUser.password);\n  _LoginPage.default.submitLogin();\n  cy.xpath('//*[@id=\"header-login\"]/div/span', {\n    timeout: 10000\n  }).should('exist');\n});",
              "err": {},
              "uuid": "6d8ef73a-272e-4dd0-8ad0-0cf95cd69c4f",
              "parentUUID": "65a92b5d-cc5d-4838-be36-02887ba93a9b",
              "isHook": false,
              "skipped": false
            },
            {
              "title": "TC05_Geçersiz eposta formatı ile login",
              "fullTitle": "Kitapsepeti Login Testleri TC05_Geçersiz eposta formatı ile login",
              "timedOut": null,
              "duration": 2074,
              "state": "passed",
              "speed": "fast",
              "pass": true,
              "fail": false,
              "pending": false,
              "context": null,
              "code": "cy.fixture(\"LoginInfo\").then(expected => {\n  _LoginPage.default.visit();\n  _LoginPage.default.openLoginPopup();\n  _LoginPage.default.fillEmail(expected.invalidUser.email);\n  _LoginPage.default.fillPassword(expected.invalidUser.password);\n  _LoginPage.default.submitLogin();\n  cy.xpath('//*[@id=\"header-login\"]/div/span', {\n    timeout: 10000\n  }).should('exist');\n});",
              "err": {},
              "uuid": "5ad3867a-6dcd-4730-87ad-c54fb95f7a1b",
              "parentUUID": "65a92b5d-cc5d-4838-be36-02887ba93a9b",
              "isHook": false,
              "skipped": false
            },
            {
              "title": "TC06_Form alanlarının boş bırakılıp login olunması",
              "fullTitle": "Kitapsepeti Login Testleri TC06_Form alanlarının boş bırakılıp login olunması",
              "timedOut": null,
              "duration": 1663,
              "state": "passed",
              "speed": "fast",
              "pass": true,
              "fail": false,
              "pending": false,
              "context": null,
              "code": "cy.fixture(\"LoginInfo\").then(expected => {\n  _LoginPage.default.visit();\n  _LoginPage.default.openLoginPopup();\n  _LoginPage.default.fillEmail(expected.invalidUser.email);\n  _LoginPage.default.submitLogin();\n  cy.xpath('//*[@id=\"header-login\"]/div/span', {\n    timeout: 10000\n  }).should('exist');\n});",
              "err": {},
              "uuid": "aa6fbd12-efa7-42cc-ae85-9b74e4f15aa1",
              "parentUUID": "65a92b5d-cc5d-4838-be36-02887ba93a9b",
              "isHook": false,
              "skipped": false
            },
            {
              "title": "TC07_Üst üste başarısız login sonrası banned",
              "fullTitle": "Kitapsepeti Login Testleri TC07_Üst üste başarısız login sonrası banned",
              "timedOut": null,
              "duration": 2124,
              "state": "passed",
              "speed": "fast",
              "pass": true,
              "fail": false,
              "pending": false,
              "context": null,
              "code": "cy.fixture(\"LoginInfo\").then(expected => {\n  _LoginPage.default.visit();\n  _LoginPage.default.openLoginPopup();\n  _LoginPage.default.fillEmail(expected.invalidUser.email);\n  _LoginPage.default.fillPassword(expected.invalidUser.password);\n  _LoginPage.default.submitLogin();\n  cy.xpath('//*[@id=\"header-login\"]/div/span', {\n    timeout: 10000\n  }).should('exist');\n});",
              "err": {},
              "uuid": "b84679ca-1e03-4290-9f58-1778254cd846",
              "parentUUID": "65a92b5d-cc5d-4838-be36-02887ba93a9b",
              "isHook": false,
              "skipped": false
            },
            {
              "title": "TC08_Şifremi Unuttum ve Yönlendirme Sayfası",
              "fullTitle": "Kitapsepeti Login Testleri TC08_Şifremi Unuttum ve Yönlendirme Sayfası",
              "timedOut": null,
              "duration": 1713,
              "state": "passed",
              "speed": "fast",
              "pass": true,
              "fail": false,
              "pending": false,
              "context": null,
              "code": "cy.fixture(\"LoginInfo\").then(expected => {\n  _LoginPage.default.visit();\n  _LoginPage.default.openLoginPopup();\n  _LoginPage.default.forgetPassw();\n});",
              "err": {},
              "uuid": "663a3f3a-81c0-4e65-b481-464f57d16c6e",
              "parentUUID": "65a92b5d-cc5d-4838-be36-02887ba93a9b",
              "isHook": false,
              "skipped": false
            }
          ],
          "suites": [],
          "passes": [
            "00dc81b6-6408-446a-8470-6e47dacfcd00",
            "c4b50e98-5018-4114-8ea8-b783857ae9c3",
            "3ca43f96-daf6-4835-8ef1-79b9b8623d70",
            "6d8ef73a-272e-4dd0-8ad0-0cf95cd69c4f",
            "5ad3867a-6dcd-4730-87ad-c54fb95f7a1b",
            "aa6fbd12-efa7-42cc-ae85-9b74e4f15aa1",
            "b84679ca-1e03-4290-9f58-1778254cd846",
            "663a3f3a-81c0-4e65-b481-464f57d16c6e"
          ],
          "failures": [],
          "pending": [],
          "skipped": [],
          "duration": 16629,
          "root": false,
          "rootEmpty": false,
          "_timeout": 2000
        }
      ],
      "passes": [],
      "failures": [],
      "pending": [],
      "skipped": [],
      "duration": 0,
      "root": true,
      "rootEmpty": true,
      "_timeout": 2000
    },
    {
      "uuid": "60e6279c-9a46-475a-9c91-bd05953d4c87",
      "title": "",
      "fullFile": "cypress\\e2e\\US02_SearchProduct.cy.js",
      "file": "cypress\\e2e\\US02_SearchProduct.cy.js",
      "beforeHooks": [],
      "afterHooks": [],
      "tests": [],
      "suites": [
        {
          "uuid": "74a45f7b-fc31-46ac-92e1-c73930b46156",
          "title": "Kitapsepeti Search Testleri",
          "fullFile": "",
          "file": "",
          "beforeHooks": [],
          "afterHooks": [],
          "tests": [
            {
              "title": "TC09_Arama Çubuğuna en az 1 karakter yazılarak arama yapılması",
              "fullTitle": "Kitapsepeti Search Testleri TC09_Arama Çubuğuna en az 1 karakter yazılarak arama yapılması",
              "timedOut": null,
              "duration": 5764,
              "state": "passed",
              "speed": "medium",
              "pass": true,
              "fail": false,
              "pending": false,
              "context": null,
              "code": "cy.fixture(\"Search\").then(expected => {\n  _SearchProduct.default.visit();\n  // SearchProduct.openLoginPopup();\n  // SearchProduct.fillEmail(expected.email);\n  // SearchProduct.fillPassword(expected.password);\n  // SearchProduct.submitLogin();\n  _SearchProduct.default.SearchBox(expected.Product);\n  _SearchProduct.default.SearchButton();\n});",
              "err": {},
              "uuid": "b53e9f92-30f6-4c59-89a8-175bca768e35",
              "parentUUID": "74a45f7b-fc31-46ac-92e1-c73930b46156",
              "isHook": false,
              "skipped": false
            },
            {
              "title": "TC10_Arama yapılan ürünün yüklenmesi",
              "fullTitle": "Kitapsepeti Search Testleri TC10_Arama yapılan ürünün yüklenmesi",
              "timedOut": null,
              "duration": 3924,
              "state": "passed",
              "speed": "fast",
              "pass": true,
              "fail": false,
              "pending": false,
              "context": null,
              "code": "cy.fixture(\"Search\").then(expected => {\n  _SearchProduct.default.visit();\n  // SearchProduct.openLoginPopup();\n  // SearchProduct.fillEmail(expected.email);\n  // SearchProduct.fillPassword(expected.password);\n  // SearchProduct.submitLogin();\n  _SearchProduct.default.SearchBox(expected.Product);\n  _SearchProduct.default.SearchButton();\n  _SearchProduct.default.cleanSearchButton();\n});",
              "err": {},
              "uuid": "93ebee29-691c-46b7-b5cb-d1f11b1692ad",
              "parentUUID": "74a45f7b-fc31-46ac-92e1-c73930b46156",
              "isHook": false,
              "skipped": false
            },
            {
              "title": "TC11_Sistemde olmayan bir ürünü aratma",
              "fullTitle": "Kitapsepeti Search Testleri TC11_Sistemde olmayan bir ürünü aratma",
              "timedOut": null,
              "duration": 3713,
              "state": "passed",
              "speed": "fast",
              "pass": true,
              "fail": false,
              "pending": false,
              "context": null,
              "code": "cy.fixture(\"Search\").then(expected => {\n  _SearchProduct.default.visit();\n  // SearchProduct.openLoginPopup();\n  // SearchProduct.fillEmail(expected.email);\n  // SearchProduct.fillPassword(expected.password);\n  // SearchProduct.submitLogin();\n  _SearchProduct.default.SearchBox(expected.Product1);\n  _SearchProduct.default.SearchButton();\n  _SearchProduct.default.cleanSearchButton();\n});",
              "err": {},
              "uuid": "0c667030-9070-4f63-82c0-33ae2ffeaa1d",
              "parentUUID": "74a45f7b-fc31-46ac-92e1-c73930b46156",
              "isHook": false,
              "skipped": false
            },
            {
              "title": "TC12_Arama yapılan ürün bilgilerinin yüklenmesi",
              "fullTitle": "Kitapsepeti Search Testleri TC12_Arama yapılan ürün bilgilerinin yüklenmesi",
              "timedOut": null,
              "duration": 4621,
              "state": "passed",
              "speed": "fast",
              "pass": true,
              "fail": false,
              "pending": false,
              "context": null,
              "code": "cy.fixture(\"Search\").then(expected => {\n  _SearchProduct.default.visit();\n  // SearchProduct.openLoginPopup();\n  // SearchProduct.fillEmail(expected.email);\n  // SearchProduct.fillPassword(expected.password);\n  // SearchProduct.submitLogin();\n  _SearchProduct.default.SearchBox(expected.Product);\n  _SearchProduct.default.SearchButton();\n  _SearchProduct.default.cleanSearchButton();\n  cy.get('img').should(\"be.visible\");\n  cy.get('.product-title.text-center').should(\"be.visible\"); // ürün ismi\n  cy.get('.fw-regular.brand-title').should(\"be.visible\"); // ürün markası\n  cy.get('.fw-regular.current-price').should(\"be.visible\"); // ücreti\n});",
              "err": {},
              "uuid": "85733c36-31b3-46da-a1c6-514fb140e906",
              "parentUUID": "74a45f7b-fc31-46ac-92e1-c73930b46156",
              "isHook": false,
              "skipped": false
            },
            {
              "title": "TC13_Arama yapılan ürünün sepete ekle butonu kontrolü",
              "fullTitle": "Kitapsepeti Search Testleri TC13_Arama yapılan ürünün sepete ekle butonu kontrolü",
              "timedOut": null,
              "duration": 3993,
              "state": "passed",
              "speed": "fast",
              "pass": true,
              "fail": false,
              "pending": false,
              "context": null,
              "code": "cy.fixture(\"Search\").then(expected => {\n  _SearchProduct.default.visit();\n  // SearchProduct.openLoginPopup();\n  // SearchProduct.fillEmail(expected.email);\n  // SearchProduct.fillPassword(expected.password);\n  // SearchProduct.submitLogin();\n  _SearchProduct.default.SearchBox(expected.Product);\n  _SearchProduct.default.SearchButton();\n  _SearchProduct.default.cleanSearchButton();\n  _SearchProduct.default.productVisible();\n  cy.get('.fw-regular.current-price').should(\"be.visible\");\n});",
              "err": {},
              "uuid": "24d61949-3dc0-4c14-a841-ec09c65ea1d3",
              "parentUUID": "74a45f7b-fc31-46ac-92e1-c73930b46156",
              "isHook": false,
              "skipped": false
            },
            {
              "title": "TC14_Sıralama Seçenekleri",
              "fullTitle": "Kitapsepeti Search Testleri TC14_Sıralama Seçenekleri",
              "timedOut": null,
              "duration": 4612,
              "state": "passed",
              "speed": "fast",
              "pass": true,
              "fail": false,
              "pending": false,
              "context": null,
              "code": "cy.fixture(\"Search\").then(expected => {\n  _SearchProduct.default.visit();\n  // SearchProduct.openLoginPopup();\n  // SearchProduct.fillEmail(expected.email);\n  // SearchProduct.fillPassword(expected.password);\n  // SearchProduct.submitLogin();\n  _SearchProduct.default.SearchBox(expected.Product);\n  _SearchProduct.default.SearchButton();\n  _SearchProduct.default.cleanSearchButton();\n  cy.get('.cc-nb-okagree', {\n    timeout: 10000\n  }).should('be.visible').click();\n  _SearchProduct.default.productVisible();\n  cy.get('select#sort').should('be.visible');\n  cy.get('select#sort > option').contains('Varsayılan Sıralama').should('exist');\n  cy.get('select#sort > option').contains('Yeniden Eskiye').should('exist');\n  cy.get('select#sort > option').contains('Eskiden Yeniye').should('exist');\n  cy.get('select#sort > option').contains('Fiyat Artan').should('exist');\n  cy.get('select#sort > option').contains('Fiyat Azalan').should('exist');\n});",
              "err": {},
              "uuid": "c7e5b63e-9864-4ae9-897e-4c30034ddff9",
              "parentUUID": "74a45f7b-fc31-46ac-92e1-c73930b46156",
              "isHook": false,
              "skipped": false
            },
            {
              "title": "TC15_Kategorilerden ürün seçmek",
              "fullTitle": "Kitapsepeti Search Testleri TC15_Kategorilerden ürün seçmek",
              "timedOut": null,
              "duration": 11611,
              "state": "passed",
              "speed": "slow",
              "pass": true,
              "fail": false,
              "pending": false,
              "context": null,
              "code": "cy.fixture(\"Search\").then(expected => {\n  _SearchProduct.default.visit();\n  // SearchProduct.openLoginPopup();\n  // SearchProduct.fillEmail(expected.email);\n  // SearchProduct.fillPassword(expected.password);\n  // SearchProduct.submitLogin();\n  _SearchProduct.default.SearchBox(expected.Product);\n  _SearchProduct.default.SearchButton();\n  _SearchProduct.default.cleanSearchButton();\n  _SearchProduct.default.productVisible();\n  cy.get('.cc-nb-okagree', {\n    timeout: 10000\n  }).should('be.visible').click();\n  cy.wait(3000);\n  // Marka accordion aç, ilk seçeneğe tıkla ve kontrol et.  Kategori ve model için de accordion yanına isimlerini yazmak yeterli.\n  cy.get('#accordion-categories-361').click();\n  cy.get('#accordion-model-361').click();\n  cy.get('#accordion-brand-361').should('have.class', 'active').next('div').find('label.filter-item').first().scrollIntoView().click({\n    force: true\n  });\n  cy.get('button.btn.btn-secondary').contains('Seçimi Filtrele').scrollIntoView().click({\n    force: true\n  });\n});",
              "err": {},
              "uuid": "e08579e2-9ff0-406f-b4b0-00c54a8daac3",
              "parentUUID": "74a45f7b-fc31-46ac-92e1-c73930b46156",
              "isHook": false,
              "skipped": false
            },
            {
              "title": "TC16_Arama yapılan ürünün yüklenmesi SCROLL YAPMA",
              "fullTitle": "Kitapsepeti Search Testleri TC16_Arama yapılan ürünün yüklenmesi SCROLL YAPMA",
              "timedOut": null,
              "duration": 8751,
              "state": "passed",
              "speed": "medium",
              "pass": true,
              "fail": false,
              "pending": false,
              "context": null,
              "code": "cy.fixture(\"Search\").then(expected => {\n  _SearchProduct.default.visit();\n  // SearchProduct.openLoginPopup();\n  // SearchProduct.fillEmail(expected.email);\n  // SearchProduct.fillPassword(expected.password);\n  // SearchProduct.submitLogin();\n  _SearchProduct.default.SearchBox(expected.Product);\n  _SearchProduct.default.SearchButton();\n  _SearchProduct.default.cleanSearchButton();\n  _SearchProduct.default.productVisible();\n  cy.get('.fw-regular.current-price').should(\"be.visible\");\n  cy.scrollTo('0%', '75%');\n  cy.wait(2000);\n  cy.scrollTo('0%', '80%');\n  cy.wait(2000);\n});",
              "err": {},
              "uuid": "65592712-f334-4757-8d30-4327fad7a753",
              "parentUUID": "74a45f7b-fc31-46ac-92e1-c73930b46156",
              "isHook": false,
              "skipped": false
            }
          ],
          "suites": [],
          "passes": [
            "b53e9f92-30f6-4c59-89a8-175bca768e35",
            "93ebee29-691c-46b7-b5cb-d1f11b1692ad",
            "0c667030-9070-4f63-82c0-33ae2ffeaa1d",
            "85733c36-31b3-46da-a1c6-514fb140e906",
            "24d61949-3dc0-4c14-a841-ec09c65ea1d3",
            "c7e5b63e-9864-4ae9-897e-4c30034ddff9",
            "e08579e2-9ff0-406f-b4b0-00c54a8daac3",
            "65592712-f334-4757-8d30-4327fad7a753"
          ],
          "failures": [],
          "pending": [],
          "skipped": [],
          "duration": 46989,
          "root": false,
          "rootEmpty": false,
          "_timeout": 2000
        }
      ],
      "passes": [],
      "failures": [],
      "pending": [],
      "skipped": [],
      "duration": 0,
      "root": true,
      "rootEmpty": true,
      "_timeout": 2000
    },
    {
      "uuid": "e65c99f5-0461-4f6a-bcb7-cf70b8f95d48",
      "title": "",
      "fullFile": "cypress\\e2e\\US03_ProductDetails.cy.js",
      "file": "cypress\\e2e\\US03_ProductDetails.cy.js",
      "beforeHooks": [],
      "afterHooks": [],
      "tests": [],
      "suites": [
        {
          "uuid": "8e462b6a-7b61-4646-b6b8-a9bf2b583b8f",
          "title": "Kitapsepeti Ürün Detayları",
          "fullFile": "",
          "file": "",
          "beforeHooks": [],
          "afterHooks": [],
          "tests": [
            {
              "title": "TC17_Arama yapılan ürünün içeriğine gidilmesi",
              "fullTitle": "Kitapsepeti Ürün Detayları TC17_Arama yapılan ürünün içeriğine gidilmesi",
              "timedOut": null,
              "duration": 19960,
              "state": "passed",
              "speed": "slow",
              "pass": true,
              "fail": false,
              "pending": false,
              "context": null,
              "code": "cy.fixture(\"ProdDetails\").then(expected => {\n  _ProductDetails.default.visit();\n  _ProductDetails.default.openLoginPopup();\n  _ProductDetails.default.fillEmail(expected.email);\n  _ProductDetails.default.fillPassword(expected.password);\n  _ProductDetails.default.submitLogin();\n  cy.get('.cc-nb-okagree').click(); // çerez kabul etmek için.\n  _ProductDetails.default.SearchBox(expected.Product); // ürünümüzü aratmak\n  _ProductDetails.default.SearchButton();\n  cy.wait(2000);\n  cy.get('.product-title').contains(expected.Product).should('be.visible').click();\n});",
              "err": {},
              "uuid": "82da2630-75a3-4516-aee2-7d8c450817e0",
              "parentUUID": "8e462b6a-7b61-4646-b6b8-a9bf2b583b8f",
              "isHook": false,
              "skipped": false
            },
            {
              "title": "TC18_Ürün içeriğinin kontrolü",
              "fullTitle": "Kitapsepeti Ürün Detayları TC18_Ürün içeriğinin kontrolü",
              "timedOut": null,
              "duration": 17565,
              "state": "passed",
              "speed": "slow",
              "pass": true,
              "fail": false,
              "pending": false,
              "context": null,
              "code": "cy.fixture(\"ProdDetails\").then(expected => {\n  _ProductDetails.default.visit();\n  _ProductDetails.default.openLoginPopup();\n  _ProductDetails.default.fillEmail(expected.email);\n  _ProductDetails.default.fillPassword(expected.password);\n  _ProductDetails.default.submitLogin();\n  cy.get('.cc-nb-okagree').click();\n  _ProductDetails.default.SearchBox(expected.Product);\n  _ProductDetails.default.SearchButton();\n  cy.wait(2000);\n  cy.get('.product-title').contains(expected.Product).should('be.visible').click();\n  cy.get('.product-title.text-center').should(\"be.visible\"); // ürün ismi\n  cy.get('.fw-regular.brand-title').should(\"be.visible\"); // ürün markası\n  cy.get('.fw-regular.current-price').should(\"be.visible\"); // ücreti                        \n});",
              "err": {},
              "uuid": "60f155b7-bc67-47dd-9312-0bb12cceddcd",
              "parentUUID": "8e462b6a-7b61-4646-b6b8-a9bf2b583b8f",
              "isHook": false,
              "skipped": false
            },
            {
              "title": "TC19_Ürün içeriğinin özellikleri",
              "fullTitle": "Kitapsepeti Ürün Detayları TC19_Ürün içeriğinin özellikleri",
              "timedOut": null,
              "duration": 17417,
              "state": "passed",
              "speed": "slow",
              "pass": true,
              "fail": false,
              "pending": false,
              "context": null,
              "code": "cy.fixture(\"ProdDetails\").then(expected => {\n  _ProductDetails.default.visit();\n  _ProductDetails.default.openLoginPopup();\n  _ProductDetails.default.fillEmail(expected.email);\n  _ProductDetails.default.fillPassword(expected.password);\n  _ProductDetails.default.submitLogin();\n  cy.get('.cc-nb-okagree').click();\n  _ProductDetails.default.SearchBox(expected.Product);\n  _ProductDetails.default.SearchButton();\n  cy.wait(2000);\n  cy.get('.product-title').contains(expected.Product).should('be.visible').click();\n  cy.contains('Türü').should('exist');\n  cy.contains('ISBN').should('exist');\n  cy.contains('Sayfa Sayısı').should('exist');\n  cy.contains('Kağıt Tipi').should('exist');\n  cy.contains('Basım Yılı').should('exist');\n});",
              "err": {},
              "uuid": "30e37711-f716-44f9-a883-e76db5225931",
              "parentUUID": "8e462b6a-7b61-4646-b6b8-a9bf2b583b8f",
              "isHook": false,
              "skipped": false
            },
            {
              "title": "TC20_Ürün içeriğine girerek sepete ekleme",
              "fullTitle": "Kitapsepeti Ürün Detayları TC20_Ürün içeriğine girerek sepete ekleme",
              "timedOut": null,
              "duration": 23443,
              "state": "passed",
              "speed": "slow",
              "pass": true,
              "fail": false,
              "pending": false,
              "context": null,
              "code": "cy.fixture(\"ProdDetails\").then(expected => {\n  _ProductDetails.default.visit();\n  _ProductDetails.default.openLoginPopup();\n  _ProductDetails.default.fillEmail(expected.email);\n  _ProductDetails.default.fillPassword(expected.password);\n  _ProductDetails.default.submitLogin();\n  cy.get('.cc-nb-okagree').click();\n  _ProductDetails.default.SearchBox(expected.Product);\n  _ProductDetails.default.SearchButton();\n  cy.wait(2000);\n  cy.get('.product-title').contains(expected.Product).should('be.visible').click();\n  cy.get('#addToCartBtn').should('be.visible').click(); // sepete ekleme \n  cy.wait(2000);\n  cy.contains('Ürün Başarıyla Sepete Eklendi').should('be.visible');\n  cy.get('#cart-popup-go-cart').should('be.visible').and('contain.text', 'Sepete Git');\n  cy.wait(2000);\n  cy.get('#cart-popup-continue-shopping').should('be.visible').and('contain.text', 'Satın Al');\n});",
              "err": {},
              "uuid": "212032c0-e5da-42ef-bb7d-05cdeae28d80",
              "parentUUID": "8e462b6a-7b61-4646-b6b8-a9bf2b583b8f",
              "isHook": false,
              "skipped": false
            },
            {
              "title": "TC21_Ürün içeriğine girerek sepete ekleme ve kontrol",
              "fullTitle": "Kitapsepeti Ürün Detayları TC21_Ürün içeriğine girerek sepete ekleme ve kontrol",
              "timedOut": null,
              "duration": 16856,
              "state": "passed",
              "speed": "slow",
              "pass": true,
              "fail": false,
              "pending": false,
              "context": null,
              "code": "cy.fixture(\"ProdDetails\").then(expected => {\n  _ProductDetails.default.visit();\n  _ProductDetails.default.openLoginPopup();\n  _ProductDetails.default.fillEmail(expected.email);\n  _ProductDetails.default.fillPassword(expected.password);\n  _ProductDetails.default.submitLogin();\n  cy.get('.cc-nb-okagree').click();\n  _ProductDetails.default.SearchBox(expected.Product);\n  _ProductDetails.default.SearchButton();\n  cy.wait(2000);\n  cy.get('.product-title').contains(expected.Product).click({\n    force: true\n  }); //ürünü sepete ekleme\n  // artık ProductDetails üzerinden çağırıyoruz\n  _ProductDetails.default.verifyCartIncreasedByOne(() => {\n    cy.get('#addToCartBtn').should('be.visible').click();\n    cy.contains('Ürün Başarıyla Sepete Eklendi').should('be.visible');\n    cy.get('i.ti-close').first().click({\n      force: true\n    });\n  });\n});",
              "err": {},
              "uuid": "6a0d53e7-358a-49ee-acf0-8e485ba1faf3",
              "parentUUID": "8e462b6a-7b61-4646-b6b8-a9bf2b583b8f",
              "isHook": false,
              "skipped": false
            }
          ],
          "suites": [],
          "passes": [
            "82da2630-75a3-4516-aee2-7d8c450817e0",
            "60f155b7-bc67-47dd-9312-0bb12cceddcd",
            "30e37711-f716-44f9-a883-e76db5225931",
            "212032c0-e5da-42ef-bb7d-05cdeae28d80",
            "6a0d53e7-358a-49ee-acf0-8e485ba1faf3"
          ],
          "failures": [],
          "pending": [],
          "skipped": [],
          "duration": 95241,
          "root": false,
          "rootEmpty": false,
          "_timeout": 2000
        }
      ],
      "passes": [],
      "failures": [],
      "pending": [],
      "skipped": [],
      "duration": 0,
      "root": true,
      "rootEmpty": true,
      "_timeout": 2000
    },
    {
      "uuid": "e7919c9c-c39a-4f18-97b3-0601aaac4f06",
      "title": "",
      "fullFile": "cypress\\e2e\\US04_CartSystem.cy.js",
      "file": "cypress\\e2e\\US04_CartSystem.cy.js",
      "beforeHooks": [],
      "afterHooks": [],
      "tests": [],
      "suites": [
        {
          "uuid": "79106f4d-96e0-45db-88e0-c35aae6e2567",
          "title": "Kitapsepeti Sepet Sistemi",
          "fullFile": "",
          "file": "",
          "beforeHooks": [],
          "afterHooks": [],
          "tests": [
            {
              "title": "TC22_Sepete Erişim",
              "fullTitle": "Kitapsepeti Sepet Sistemi TC22_Sepete Erişim",
              "timedOut": null,
              "duration": 26374,
              "state": "passed",
              "speed": "slow",
              "pass": true,
              "fail": false,
              "pending": false,
              "context": null,
              "code": "cy.fixture(\"CartDetails\").then(expected => {\n  _AddToCart.default.visit();\n  _AddToCart.default.openLoginPopup();\n  _AddToCart.default.fillEmail(expected.email);\n  _AddToCart.default.fillPassword(expected.password);\n  _AddToCart.default.submitLogin();\n  cy.wait(3000);\n  _AddToCart.default.blockAds();\n  // Bu kısım öncesinden ürün eklememiz ve sonrasında kontrol etmemiz için \n  _ProductDetails.default.SearchBox(expected.Product);\n  _ProductDetails.default.SearchButton();\n  _AddToCart.default.blockAds();\n  cy.wait(3000);\n  cy.get('.product-title').contains(expected.Product).should('be.visible').click();\n  _AddToCart.default.addUrun();\n  _AddToCart.default.visit(); // tekrar anasayfaya dönüş\n  _AddToCart.default.buttonForCart();\n  _AddToCart.default.buttonForCart2(); //Sepete tıklatıldıktan sonra yeni bir sepete git seçeneğini tetiklemek için..\n});",
              "err": {},
              "uuid": "25c2521c-573e-455a-8fc9-978e7d352924",
              "parentUUID": "79106f4d-96e0-45db-88e0-c35aae6e2567",
              "isHook": false,
              "skipped": false
            },
            {
              "title": "TC23_Sepet değer kontrolleri",
              "fullTitle": "Kitapsepeti Sepet Sistemi TC23_Sepet değer kontrolleri",
              "timedOut": null,
              "duration": 7843,
              "state": "passed",
              "speed": "medium",
              "pass": true,
              "fail": false,
              "pending": false,
              "context": null,
              "code": "cy.fixture(\"CartDetails\").then(expected => {\n  _AddToCart.default.visit();\n  _AddToCart.default.openLoginPopup();\n  _AddToCart.default.fillEmail(expected.email);\n  _AddToCart.default.fillPassword(expected.password);\n  _AddToCart.default.submitLogin();\n  _AddToCart.default.blockAds();\n  _AddToCart.default.buttonForCart();\n  _AddToCart.default.buttonForCart2(); //Sepete tıklatıldıktan sonra yeni bir sepete git seçeneğini tetiklemek için..\n  _AddToCart.default.blockAds();\n  _AddToCart.default.urunInfo(_CartDetails.default.product);\n  _AddToCart.default.urunInfo();\n  _AddToCart.default.sepetToplami();\n});",
              "err": {},
              "uuid": "c4976a67-817d-4804-9d02-c39815ce1dd9",
              "parentUUID": "79106f4d-96e0-45db-88e0-c35aae6e2567",
              "isHook": false,
              "skipped": false
            },
            {
              "title": "TC24_Sepet içinde ürün adeti arttırma",
              "fullTitle": "Kitapsepeti Sepet Sistemi TC24_Sepet içinde ürün adeti arttırma",
              "timedOut": null,
              "duration": 6598,
              "state": "passed",
              "speed": "medium",
              "pass": true,
              "fail": false,
              "pending": false,
              "context": null,
              "code": "cy.fixture(\"CartDetails\").then(expected => {\n  _AddToCart.default.visit();\n  _AddToCart.default.openLoginPopup();\n  _AddToCart.default.fillEmail(expected.email);\n  _AddToCart.default.fillPassword(expected.password);\n  _AddToCart.default.submitLogin();\n  _AddToCart.default.blockAds();\n  _AddToCart.default.buttonForCart();\n  _AddToCart.default.buttonForCart2(); //Sepete tıklatıldıktan sonra yeni bir sepete git seçeneğini tetiklemek için..\n  _AddToCart.default.blockAds();\n  _AddToCart.default.adetArttir();\n});",
              "err": {},
              "uuid": "9d1be754-b543-4a05-8a2e-501af45f9f67",
              "parentUUID": "79106f4d-96e0-45db-88e0-c35aae6e2567",
              "isHook": false,
              "skipped": false
            },
            {
              "title": "TC25_Sepet paneli içinde tüm sepeti temizleme ve kontrol ",
              "fullTitle": "Kitapsepeti Sepet Sistemi TC25_Sepet paneli içinde tüm sepeti temizleme ve kontrol ",
              "timedOut": null,
              "duration": 8204,
              "state": "passed",
              "speed": "medium",
              "pass": true,
              "fail": false,
              "pending": false,
              "context": null,
              "code": "cy.fixture(\"CartDetails\").then(expected => {\n  _AddToCart.default.visit();\n  _AddToCart.default.openLoginPopup();\n  _AddToCart.default.fillEmail(expected.email);\n  _AddToCart.default.fillPassword(expected.password);\n  _AddToCart.default.submitLogin();\n  _AddToCart.default.blockAds();\n  _AddToCart.default.buttonForCart();\n  _AddToCart.default.blockAds();\n  _AddToCart.default.buttonForCart2(); //Sepete tıklatıldıktan sonra yeni bir sepete git seçeneğini tetiklemek için..\n  _AddToCart.default.blockAds();\n  _AddToCart.default.deleteAllProduct();\n  cy.contains('Alışverişe Devam Et').should('be.visible');\n});",
              "err": {},
              "uuid": "0ae8ae54-99ec-4388-800c-855b260bd1ca",
              "parentUUID": "79106f4d-96e0-45db-88e0-c35aae6e2567",
              "isHook": false,
              "skipped": false
            },
            {
              "title": "TC26_Sepet içinde ürünü satın alma",
              "fullTitle": "Kitapsepeti Sepet Sistemi TC26_Sepet içinde ürünü satın alma",
              "timedOut": null,
              "duration": 22693,
              "state": "passed",
              "speed": "slow",
              "pass": true,
              "fail": false,
              "pending": false,
              "context": null,
              "code": "cy.fixture(\"CartDetails\").then(expected => {\n  _AddToCart.default.visit();\n  _AddToCart.default.openLoginPopup();\n  _AddToCart.default.fillEmail(expected.email);\n  _AddToCart.default.fillPassword(expected.password);\n  _AddToCart.default.submitLogin();\n  _AddToCart.default.blockAds();\n  _ProductDetails.default.SearchBox(expected.Product); /// daha önceden ürünü sildiğimiz için tekrar ürün ekleyelim görsün.\n  _ProductDetails.default.SearchButton();\n  _AddToCart.default.blockAds();\n  cy.wait(3000);\n  cy.get('.product-title').contains(expected.Product).should('be.visible').click();\n  _AddToCart.default.addUrun();\n  _AddToCart.default.buttonForCart();\n  _AddToCart.default.buttonForCart2(); //Sepete tıklatıldıktan sonra yeni bir sepete git seçeneğini tetiklemek için..\n  _AddToCart.default.blockAds();\n  _AddToCart.default.buyProductFromCart();\n});",
              "err": {},
              "uuid": "989ae73c-80fa-4102-8736-657707f59d7e",
              "parentUUID": "79106f4d-96e0-45db-88e0-c35aae6e2567",
              "isHook": false,
              "skipped": false
            },
            {
              "title": "TC27_Ana menüden satın alma",
              "fullTitle": "Kitapsepeti Sepet Sistemi TC27_Ana menüden satın alma",
              "timedOut": null,
              "duration": 6883,
              "state": "passed",
              "speed": "medium",
              "pass": true,
              "fail": false,
              "pending": false,
              "context": null,
              "code": "cy.fixture(\"CartDetails\").then(expected => {\n  _AddToCart.default.visit();\n  _AddToCart.default.openLoginPopup();\n  _AddToCart.default.fillEmail(expected.email);\n  _AddToCart.default.fillPassword(expected.password);\n  _AddToCart.default.submitLogin();\n  _AddToCart.default.blockAds();\n  _AddToCart.default.buttonForCart();\n  _AddToCart.default.buyProductFromMain();\n});",
              "err": {},
              "uuid": "d233bc39-05c0-4724-9f5d-fa7307f9fa86",
              "parentUUID": "79106f4d-96e0-45db-88e0-c35aae6e2567",
              "isHook": false,
              "skipped": false
            },
            {
              "title": "TC28_Sepet içinde ürün silme",
              "fullTitle": "Kitapsepeti Sepet Sistemi TC28_Sepet içinde ürün silme",
              "timedOut": null,
              "duration": 6707,
              "state": "passed",
              "speed": "medium",
              "pass": true,
              "fail": false,
              "pending": false,
              "context": null,
              "code": "cy.fixture(\"CartDetails\").then(expected => {\n  _AddToCart.default.visit();\n  _AddToCart.default.openLoginPopup();\n  _AddToCart.default.fillEmail(expected.email);\n  _AddToCart.default.fillPassword(expected.password);\n  _AddToCart.default.submitLogin();\n  _AddToCart.default.blockAds();\n  _AddToCart.default.buttonForCart();\n  _AddToCart.default.buttonForCart2(); //Sepete tıklatıldıktan sonra yeni bir sepete git seçeneğini tetiklemek için..\n  _AddToCart.default.blockAds();\n  _AddToCart.default.deleteProduct();\n});",
              "err": {},
              "uuid": "06301501-da39-459b-840d-a5b99de6207c",
              "parentUUID": "79106f4d-96e0-45db-88e0-c35aae6e2567",
              "isHook": false,
              "skipped": false
            }
          ],
          "suites": [],
          "passes": [
            "25c2521c-573e-455a-8fc9-978e7d352924",
            "c4976a67-817d-4804-9d02-c39815ce1dd9",
            "9d1be754-b543-4a05-8a2e-501af45f9f67",
            "0ae8ae54-99ec-4388-800c-855b260bd1ca",
            "989ae73c-80fa-4102-8736-657707f59d7e",
            "d233bc39-05c0-4724-9f5d-fa7307f9fa86",
            "06301501-da39-459b-840d-a5b99de6207c"
          ],
          "failures": [],
          "pending": [],
          "skipped": [],
          "duration": 85302,
          "root": false,
          "rootEmpty": false,
          "_timeout": 2000
        }
      ],
      "passes": [],
      "failures": [],
      "pending": [],
      "skipped": [],
      "duration": 0,
      "root": true,
      "rootEmpty": true,
      "_timeout": 2000
    },
    {
      "uuid": "094c5d88-4891-4a4c-8652-bea3622ece47",
      "title": "",
      "fullFile": "cypress\\e2e\\US05_Payment.cy.js",
      "file": "cypress\\e2e\\US05_Payment.cy.js",
      "beforeHooks": [],
      "afterHooks": [],
      "tests": [],
      "suites": [
        {
          "uuid": "1d03655e-ebf2-446b-84d8-beef1967b928",
          "title": "Kitapsepeti Ödeme İşlemleri",
          "fullFile": "",
          "file": "",
          "beforeHooks": [],
          "afterHooks": [],
          "tests": [
            {
              "title": "TC29_Satın Alma Ekranı",
              "fullTitle": "Kitapsepeti Ödeme İşlemleri TC29_Satın Alma Ekranı",
              "timedOut": null,
              "duration": 27905,
              "state": "passed",
              "speed": "slow",
              "pass": true,
              "fail": false,
              "pending": false,
              "context": null,
              "code": "cy.fixture(\"CartDetails\").then(expected => {\n  _AddToCart.default.visit();\n  _AddToCart.default.openLoginPopup();\n  _AddToCart.default.fillEmail(expected.email);\n  _AddToCart.default.fillPassword(expected.password);\n  _AddToCart.default.submitLogin();\n  cy.wait(3000);\n  _AddToCart.default.blockAds();\n  // Bu kısım öncesinden ürün eklememiz ve sonrasında kontrol etmemiz için \n  _ProductDetails.default.SearchBox(expected.Product);\n  _ProductDetails.default.SearchButton();\n  cy.wait(3000);\n  cy.get('.product-title').contains(expected.Product).should('be.visible').click();\n  _AddToCart.default.addUrun();\n  _AddToCart.default.visit(); // tekrar anasayfaya dönüş\n  _AddToCart.default.buttonForCart();\n  _AddToCart.default.buttonForCart2(); //Sepete tıklatıldıktan sonra yeni bir sepete git seçeneğini tetiklemek için..\n  _AddToCart.default.blockAds();\n  _AddToCart.default.buyProductFromCart(); // Sepet içindeyken satın alma işlemi için\n  _AddToCart.default.pageConfirm(); // adres bilgilerinin görüntülenmesi\n});",
              "err": {},
              "uuid": "fdd76dfd-bf37-4faa-92bd-b2b7d85bb16d",
              "parentUUID": "1d03655e-ebf2-446b-84d8-beef1967b928",
              "isHook": false,
              "skipped": false
            },
            {
              "title": "TC30_Ödeme Adımına Geçiş",
              "fullTitle": "Kitapsepeti Ödeme İşlemleri TC30_Ödeme Adımına Geçiş",
              "timedOut": null,
              "duration": 15127,
              "state": "passed",
              "speed": "slow",
              "pass": true,
              "fail": false,
              "pending": false,
              "context": null,
              "code": "cy.fixture(\"CartDetails\").then(expected => {\n  _AddToCart.default.visit();\n  _AddToCart.default.openLoginPopup();\n  _AddToCart.default.fillEmail(expected.email);\n  _AddToCart.default.fillPassword(expected.password);\n  _AddToCart.default.submitLogin();\n  cy.wait(3000);\n  _AddToCart.default.blockAds();\n  _AddToCart.default.buttonForCart();\n  _AddToCart.default.buttonForCart2(); //Sepete tıklatıldıktan sonra yeni bir sepete git seçeneğini tetiklemek için..\n  _AddToCart.default.blockAds();\n  _AddToCart.default.buyProductFromCart();\n  _AddToCart.default.paymentPage();\n  _AddToCart.default.pageConfirmKargo(); //sayfadaki kargo seçeneklerini kontrol eder.\n  _AddToCart.default.paymentChoose(); //sayfadaki ödeme seçeneklerini kontrol eder.\n});",
              "err": {},
              "uuid": "ec4de5e0-908a-4b62-b59b-4a3cc0d7d61c",
              "parentUUID": "1d03655e-ebf2-446b-84d8-beef1967b928",
              "isHook": false,
              "skipped": false
            },
            {
              "title": "TC31_Kartla Ödeme Positive",
              "fullTitle": "Kitapsepeti Ödeme İşlemleri TC31_Kartla Ödeme Positive",
              "timedOut": null,
              "duration": 17710,
              "state": "passed",
              "speed": "slow",
              "pass": true,
              "fail": false,
              "pending": false,
              "context": null,
              "code": "cy.fixture(\"CartDetails\").then(expected => {\n  _AddToCart.default.visit();\n  _AddToCart.default.openLoginPopup();\n  _AddToCart.default.fillEmail(expected.email);\n  _AddToCart.default.fillPassword(expected.password);\n  _AddToCart.default.submitLogin();\n  cy.wait(3000);\n  _AddToCart.default.blockAds();\n  _AddToCart.default.buttonForCart();\n  _AddToCart.default.buttonForCart2(); //Sepete tıklatıldıktan sonra yeni bir sepete git seçeneğini tetiklemek için..\n  _AddToCart.default.blockAds();\n  _AddToCart.default.buyProductFromCart();\n  _AddToCart.default.paymentPage();\n  _AddToCart.default.pageConfirmKargo();\n  _AddToCart.default.paymentWithCard();\n  _AddToCart.default.cardPageConfirm();\n  _AddToCart.default.cardInfos(); // card bilgilerini girmek için\n  _AddToCart.default.buttonControl(); // butonun aktif mi değil mi ?\n});",
              "err": {},
              "uuid": "522a49da-c409-4918-855a-f4d30791d195",
              "parentUUID": "1d03655e-ebf2-446b-84d8-beef1967b928",
              "isHook": false,
              "skipped": false
            },
            {
              "title": "TC32_Kartla Ödeme Negative",
              "fullTitle": "Kitapsepeti Ödeme İşlemleri TC32_Kartla Ödeme Negative",
              "timedOut": null,
              "duration": 18190,
              "state": "passed",
              "speed": "slow",
              "pass": true,
              "fail": false,
              "pending": false,
              "context": null,
              "code": "cy.fixture(\"CartDetails\").then(expected => {\n  _AddToCart.default.visit();\n  _AddToCart.default.openLoginPopup();\n  _AddToCart.default.fillEmail(expected.email);\n  _AddToCart.default.fillPassword(expected.password);\n  _AddToCart.default.submitLogin();\n  cy.wait(3000);\n  _AddToCart.default.blockAds();\n  _AddToCart.default.buttonForCart();\n  _AddToCart.default.buttonForCart2(); //Sepete tıklatıldıktan sonra yeni bir sepete git seçeneğini tetiklemek için..\n  _AddToCart.default.blockAds();\n  _AddToCart.default.buyProductFromCart();\n  _AddToCart.default.paymentPage();\n  _AddToCart.default.pageConfirmKargo();\n  _AddToCart.default.paymentWithCard();\n  _AddToCart.default.cardPageConfirm();\n  _AddToCart.default.cardInfosFalse();\n  cy.get('#iyz-payment-button').click();\n  cy.contains('Güvenlik kodu (CVC) giriniz').should('be.visible'); //cvv boş bırakılır.\n});",
              "err": {},
              "uuid": "935eb4bc-c3f5-4c6c-8c6e-6c3528bd5dcc",
              "parentUUID": "1d03655e-ebf2-446b-84d8-beef1967b928",
              "isHook": false,
              "skipped": false
            },
            {
              "title": "TC33_Kartla Ödeme Sipariş Özeti Kontrolü",
              "fullTitle": "Kitapsepeti Ödeme İşlemleri TC33_Kartla Ödeme Sipariş Özeti Kontrolü",
              "timedOut": null,
              "duration": 15995,
              "state": "passed",
              "speed": "slow",
              "pass": true,
              "fail": false,
              "pending": false,
              "context": null,
              "code": "cy.fixture(\"CartDetails\").then(expected => {\n  _AddToCart.default.visit();\n  _AddToCart.default.openLoginPopup();\n  _AddToCart.default.fillEmail(expected.email);\n  _AddToCart.default.fillPassword(expected.password);\n  _AddToCart.default.submitLogin();\n  cy.wait(3000);\n  _AddToCart.default.blockAds();\n  _AddToCart.default.buttonForCart();\n  _AddToCart.default.buttonForCart2(); //Sepete tıklatıldıktan sonra yeni bir sepete git seçeneğini tetiklemek için..\n  _AddToCart.default.blockAds();\n  _AddToCart.default.buyProductFromCart();\n  _AddToCart.default.paymentPage();\n  _AddToCart.default.pageConfirmKargo();\n  _AddToCart.default.paymentWithCard();\n  _AddToCart.default.cardPageConfirm();\n  _AddToCart.default.siparisOzeti(); // toplam tutar -sepet özeti görmek için.\n});",
              "err": {},
              "uuid": "674be33b-a29e-483e-a106-5c5ab0485bd0",
              "parentUUID": "1d03655e-ebf2-446b-84d8-beef1967b928",
              "isHook": false,
              "skipped": false
            }
          ],
          "suites": [],
          "passes": [
            "fdd76dfd-bf37-4faa-92bd-b2b7d85bb16d",
            "ec4de5e0-908a-4b62-b59b-4a3cc0d7d61c",
            "522a49da-c409-4918-855a-f4d30791d195",
            "935eb4bc-c3f5-4c6c-8c6e-6c3528bd5dcc",
            "674be33b-a29e-483e-a106-5c5ab0485bd0"
          ],
          "failures": [],
          "pending": [],
          "skipped": [],
          "duration": 94927,
          "root": false,
          "rootEmpty": false,
          "_timeout": 2000
        }
      ],
      "passes": [],
      "failures": [],
      "pending": [],
      "skipped": [],
      "duration": 0,
      "root": true,
      "rootEmpty": true,
      "_timeout": 2000
    },
    {
      "uuid": "9a0c115a-d146-48e4-a0f4-c6e2b385d90f",
      "title": "",
      "fullFile": "cypress\\e2e\\US06_GuestAcc.cy.js",
      "file": "cypress\\e2e\\US06_GuestAcc.cy.js",
      "beforeHooks": [],
      "afterHooks": [],
      "tests": [],
      "suites": [
        {
          "uuid": "c19ecf80-b10d-4ae9-9006-3cf7b5db1e8c",
          "title": "Kitapsepeti MisafirAcc Anasayfadan Ürün Sepete Ekleme",
          "fullFile": "",
          "file": "",
          "beforeHooks": [],
          "afterHooks": [],
          "tests": [
            {
              "title": "TC34_Satın Alma Ekranı",
              "fullTitle": "Kitapsepeti MisafirAcc Anasayfadan Ürün Sepete Ekleme TC34_Satın Alma Ekranı",
              "timedOut": null,
              "duration": 4898,
              "state": "passed",
              "speed": "fast",
              "pass": true,
              "fail": false,
              "pending": false,
              "context": null,
              "code": "cy.fixture(\"CartDetails\").then(expected => {\n  _AddToCart.default.visit();\n  _AddToCart.default.guessAddProduct();\n  _AddToCart.default.continueShopping(); // satın al butonuna tıklar ve üye girişi sekmesinin kontrolünü sağlar.\n  _AddToCart.default.blockAds();\n});",
              "err": {},
              "uuid": "1b1d81cd-43a2-4b71-a3be-1e1528f190c6",
              "parentUUID": "c19ecf80-b10d-4ae9-9006-3cf7b5db1e8c",
              "isHook": false,
              "skipped": false
            },
            {
              "title": "TC35_Üye olmadan devam etme",
              "fullTitle": "Kitapsepeti MisafirAcc Anasayfadan Ürün Sepete Ekleme TC35_Üye olmadan devam etme",
              "timedOut": null,
              "duration": 2824,
              "state": "passed",
              "speed": "fast",
              "pass": true,
              "fail": false,
              "pending": false,
              "context": null,
              "code": "cy.fixture(\"CartDetails\").then(expected => {\n  _AddToCart.default.visit();\n  _AddToCart.default.guessAddProduct();\n  _AddToCart.default.continueShopping(); // satın al butonuna tıklar ve üye girişi sekmesinin kontrolünü sağlar.\n  _AddToCart.default.blockAds();\n  cy.contains('button', 'Üye Olmadan Devam Et').click();\n});",
              "err": {},
              "uuid": "e6e9d9d6-869d-4a8f-ad52-927a15a44a17",
              "parentUUID": "c19ecf80-b10d-4ae9-9006-3cf7b5db1e8c",
              "isHook": false,
              "skipped": false
            },
            {
              "title": "TC36_Üye olmadan devam etme adres bilgilerin sayfasına yönlendirme ve kontrol",
              "fullTitle": "Kitapsepeti MisafirAcc Anasayfadan Ürün Sepete Ekleme TC36_Üye olmadan devam etme adres bilgilerin sayfasına yönlendirme ve kontrol",
              "timedOut": null,
              "duration": 5256,
              "state": "passed",
              "speed": "medium",
              "pass": true,
              "fail": false,
              "pending": false,
              "context": null,
              "code": "cy.fixture(\"CartDetails\").then(expected => {\n  _AddToCart.default.visit();\n  _AddToCart.default.guessAddProduct();\n  _AddToCart.default.continueShopping(); // satın al butonuna tıklar ve üye girişi sekmesinin kontrolünü sağlar.\n  _AddToCart.default.blockAds();\n  cy.contains('button', 'Üye Olmadan Devam Et').click();\n  _AddToCart.default.adressPageCheck();\n});",
              "err": {},
              "uuid": "4f1152fc-78db-4bdc-a123-fca9e3623f8b",
              "parentUUID": "c19ecf80-b10d-4ae9-9006-3cf7b5db1e8c",
              "isHook": false,
              "skipped": false
            },
            {
              "title": "TC37_Adres bilgileri formunu doldurma negatif",
              "fullTitle": "Kitapsepeti MisafirAcc Anasayfadan Ürün Sepete Ekleme TC37_Adres bilgileri formunu doldurma negatif",
              "timedOut": null,
              "duration": 13853,
              "state": "passed",
              "speed": "slow",
              "pass": true,
              "fail": false,
              "pending": false,
              "context": null,
              "code": "cy.fixture(\"CartDetails\").then(expected => {\n  _AddToCart.default.visit();\n  _AddToCart.default.guessAddProduct();\n  cy.wait(2000);\n  _AddToCart.default.continueShopping(); // satın al butonuna tıklar ve üye girişi sekmesinin kontrolünü sağlar.\n  _AddToCart.default.blockAds();\n  cy.contains('button', 'Üye Olmadan Devam Et').click();\n  _AddToCart.default.adressPageCheck(); // adres bilgilerinine yönlendirildiğini ve mahalle-cep telefonu-adres bilgisi gibi bilgilerin içerildiğini kontrol eder.\n  _AddToCart.default.adressPageFillNegative();\n  cy.contains('button', 'Adresi Kaydet').click();\n});",
              "err": {},
              "uuid": "cb45ee72-7569-4e78-aacb-d12f84d79bf4",
              "parentUUID": "c19ecf80-b10d-4ae9-9006-3cf7b5db1e8c",
              "isHook": false,
              "skipped": false
            },
            {
              "title": "TC38_Adres bilgileri formunu doldurma pozitif",
              "fullTitle": "Kitapsepeti MisafirAcc Anasayfadan Ürün Sepete Ekleme TC38_Adres bilgileri formunu doldurma pozitif",
              "timedOut": null,
              "duration": 7705,
              "state": "passed",
              "speed": "medium",
              "pass": true,
              "fail": false,
              "pending": false,
              "context": null,
              "code": "cy.fixture(\"CartDetails\").then(expected => {\n  _AddToCart.default.visit();\n  _AddToCart.default.guessAddProduct();\n  _AddToCart.default.continueShopping(); // satın al butonuna tıklar ve üye girişi sekmesinin kontrolünü sağlar.\n  _AddToCart.default.blockAds();\n  cy.contains('button', 'Üye Olmadan Devam Et').click();\n  _AddToCart.default.adressPageCheck(); // adres bilgilerinine yönlendirildiğini ve mahalle-cep telefonu-adres bilgisi gibi bilgilerin içerildiğini kontrol eder.\n  _AddToCart.default.adressPageFillPos();\n  cy.contains('button', 'Adresi Kaydet').click();\n});",
              "err": {},
              "uuid": "3b1d41cf-4824-4f81-9e6d-85a590b7cfe5",
              "parentUUID": "c19ecf80-b10d-4ae9-9006-3cf7b5db1e8c",
              "isHook": false,
              "skipped": false
            }
          ],
          "suites": [],
          "passes": [
            "1b1d81cd-43a2-4b71-a3be-1e1528f190c6",
            "e6e9d9d6-869d-4a8f-ad52-927a15a44a17",
            "4f1152fc-78db-4bdc-a123-fca9e3623f8b",
            "cb45ee72-7569-4e78-aacb-d12f84d79bf4",
            "3b1d41cf-4824-4f81-9e6d-85a590b7cfe5"
          ],
          "failures": [],
          "pending": [],
          "skipped": [],
          "duration": 34536,
          "root": false,
          "rootEmpty": false,
          "_timeout": 2000
        }
      ],
      "passes": [],
      "failures": [],
      "pending": [],
      "skipped": [],
      "duration": 0,
      "root": true,
      "rootEmpty": true,
      "_timeout": 2000
    }
  ],
  "meta": {
    "mocha": {
      "version": "7.2.0"
    },
    "mochawesome": {
      "options": {
        "quiet": false,
        "reportFilename": "mochawesome",
        "saveHtml": false,
        "saveJson": true,
        "consoleReporter": "spec",
        "useInlineDiffs": false,
        "code": true
      },
      "version": "7.1.4"
    },
    "marge": {
      "options": {
        "reportDir": "cypress/reports",
        "overwrite": false,
        "html": false,
        "json": true
      },
      "version": "6.3.0"
    }
  }
}