{
  "stats": {
    "suites": 1,
    "tests": 8,
    "passes": 8,
    "pending": 0,
    "failures": 0,
    "start": "2025-10-04T18:03:53.292Z",
    "end": "2025-10-04T18:04:12.676Z",
    "duration": 19384,
    "testsRegistered": 8,
    "passPercent": 100,
    "pendingPercent": 0,
    "other": 0,
    "hasOther": false,
    "skipped": 0,
    "hasSkipped": false
  },
  "results": [
    {
      "uuid": "101efd72-c07a-43f3-b939-94ec2b34226f",
      "title": "",
      "fullFile": "cypress\\e2e\\US01_Login.cy.js",
      "file": "cypress\\e2e\\US01_Login.cy.js",
      "beforeHooks": [],
      "afterHooks": [],
      "tests": [],
      "suites": [
        {
          "uuid": "65a92b5d-cc5d-4838-be36-02887ba93a9b",
          "title": "Kitapsepeti Login Testleri",
          "fullFile": "",
          "file": "",
          "beforeHooks": [],
          "afterHooks": [],
          "tests": [
            {
              "title": "TC01_Giriş Pop-up Erişim",
              "fullTitle": "Kitapsepeti Login Testleri TC01_Giriş Pop-up Erişim",
              "timedOut": null,
              "duration": 3143,
              "state": "passed",
              "speed": "fast",
              "pass": true,
              "fail": false,
              "pending": false,
              "context": null,
              "code": "cy.fixture(\"LoginInfo\").then(expected => {\n  _LoginPage.default.visit();\n  _LoginPage.default.openLoginPopup();\n});",
              "err": {},
              "uuid": "00dc81b6-6408-446a-8470-6e47dacfcd00",
              "parentUUID": "65a92b5d-cc5d-4838-be36-02887ba93a9b",
              "isHook": false,
              "skipped": false
            },
            {
              "title": "TC02_Login Form alanı kontrolü",
              "fullTitle": "Kitapsepeti Login Testleri TC02_Login Form alanı kontrolü",
              "timedOut": null,
              "duration": 1588,
              "state": "passed",
              "speed": "fast",
              "pass": true,
              "fail": false,
              "pending": false,
              "context": null,
              "code": "cy.fixture(\"LoginInfo\").then(expected => {\n  _LoginPage.default.visit();\n  _LoginPage.default.openLoginPopup();\n  cy.get('#header-email').should(\"be.visible\");\n  cy.get('#header-password').should(\"be.visible\");\n  cy.contains('label', 'Beni Hatırla').should('exist');\n  cy.get('#login-btn-322').should(\"be.visible\");\n});",
              "err": {},
              "uuid": "c4b50e98-5018-4114-8ea8-b783857ae9c3",
              "parentUUID": "65a92b5d-cc5d-4838-be36-02887ba93a9b",
              "isHook": false,
              "skipped": false
            },
            {
              "title": "TC03_Geçerli kullanıcı ile login olmalı",
              "fullTitle": "Kitapsepeti Login Testleri TC03_Geçerli kullanıcı ile login olmalı",
              "timedOut": null,
              "duration": 2054,
              "state": "passed",
              "speed": "fast",
              "pass": true,
              "fail": false,
              "pending": false,
              "context": null,
              "code": "cy.fixture(\"LoginInfo\").then(expected => {\n  _LoginPage.default.visit();\n  _LoginPage.default.openLoginPopup();\n  _LoginPage.default.fillEmail(expected.validUser.email);\n  _LoginPage.default.fillPassword(expected.validUser.password);\n  _LoginPage.default.submitLogin();\n});",
              "err": {},
              "uuid": "3ca43f96-daf6-4835-8ef1-79b9b8623d70",
              "parentUUID": "65a92b5d-cc5d-4838-be36-02887ba93a9b",
              "isHook": false,
              "skipped": false
            },
            {
              "title": "TC04_Geçersiz kullanıcı ile login olmamalı",
              "fullTitle": "Kitapsepeti Login Testleri TC04_Geçersiz kullanıcı ile login olmamalı",
              "timedOut": null,
              "duration": 2270,
              "state": "passed",
              "speed": "fast",
              "pass": true,
              "fail": false,
              "pending": false,
              "context": null,
              "code": "cy.fixture(\"LoginInfo\").then(expected => {\n  _LoginPage.default.visit();\n  _LoginPage.default.openLoginPopup();\n  _LoginPage.default.fillEmail(expected.invalidUser.email);\n  _LoginPage.default.fillPassword(expected.invalidUser.password);\n  _LoginPage.default.submitLogin();\n  cy.xpath('//*[@id=\"header-login\"]/div/span', {\n    timeout: 10000\n  }).should('exist');\n});",
              "err": {},
              "uuid": "6d8ef73a-272e-4dd0-8ad0-0cf95cd69c4f",
              "parentUUID": "65a92b5d-cc5d-4838-be36-02887ba93a9b",
              "isHook": false,
              "skipped": false
            },
            {
              "title": "TC05_Geçersiz eposta formatı ile login",
              "fullTitle": "Kitapsepeti Login Testleri TC05_Geçersiz eposta formatı ile login",
              "timedOut": null,
              "duration": 2074,
              "state": "passed",
              "speed": "fast",
              "pass": true,
              "fail": false,
              "pending": false,
              "context": null,
              "code": "cy.fixture(\"LoginInfo\").then(expected => {\n  _LoginPage.default.visit();\n  _LoginPage.default.openLoginPopup();\n  _LoginPage.default.fillEmail(expected.invalidUser.email);\n  _LoginPage.default.fillPassword(expected.invalidUser.password);\n  _LoginPage.default.submitLogin();\n  cy.xpath('//*[@id=\"header-login\"]/div/span', {\n    timeout: 10000\n  }).should('exist');\n});",
              "err": {},
              "uuid": "5ad3867a-6dcd-4730-87ad-c54fb95f7a1b",
              "parentUUID": "65a92b5d-cc5d-4838-be36-02887ba93a9b",
              "isHook": false,
              "skipped": false
            },
            {
              "title": "TC06_Form alanlarının boş bırakılıp login olunması",
              "fullTitle": "Kitapsepeti Login Testleri TC06_Form alanlarının boş bırakılıp login olunması",
              "timedOut": null,
              "duration": 1663,
              "state": "passed",
              "speed": "fast",
              "pass": true,
              "fail": false,
              "pending": false,
              "context": null,
              "code": "cy.fixture(\"LoginInfo\").then(expected => {\n  _LoginPage.default.visit();\n  _LoginPage.default.openLoginPopup();\n  _LoginPage.default.fillEmail(expected.invalidUser.email);\n  _LoginPage.default.submitLogin();\n  cy.xpath('//*[@id=\"header-login\"]/div/span', {\n    timeout: 10000\n  }).should('exist');\n});",
              "err": {},
              "uuid": "aa6fbd12-efa7-42cc-ae85-9b74e4f15aa1",
              "parentUUID": "65a92b5d-cc5d-4838-be36-02887ba93a9b",
              "isHook": false,
              "skipped": false
            },
            {
              "title": "TC07_Üst üste başarısız login sonrası banned",
              "fullTitle": "Kitapsepeti Login Testleri TC07_Üst üste başarısız login sonrası banned",
              "timedOut": null,
              "duration": 2124,
              "state": "passed",
              "speed": "fast",
              "pass": true,
              "fail": false,
              "pending": false,
              "context": null,
              "code": "cy.fixture(\"LoginInfo\").then(expected => {\n  _LoginPage.default.visit();\n  _LoginPage.default.openLoginPopup();\n  _LoginPage.default.fillEmail(expected.invalidUser.email);\n  _LoginPage.default.fillPassword(expected.invalidUser.password);\n  _LoginPage.default.submitLogin();\n  cy.xpath('//*[@id=\"header-login\"]/div/span', {\n    timeout: 10000\n  }).should('exist');\n});",
              "err": {},
              "uuid": "b84679ca-1e03-4290-9f58-1778254cd846",
              "parentUUID": "65a92b5d-cc5d-4838-be36-02887ba93a9b",
              "isHook": false,
              "skipped": false
            },
            {
              "title": "TC08_Şifremi Unuttum ve Yönlendirme Sayfası",
              "fullTitle": "Kitapsepeti Login Testleri TC08_Şifremi Unuttum ve Yönlendirme Sayfası",
              "timedOut": null,
              "duration": 1713,
              "state": "passed",
              "speed": "fast",
              "pass": true,
              "fail": false,
              "pending": false,
              "context": null,
              "code": "cy.fixture(\"LoginInfo\").then(expected => {\n  _LoginPage.default.visit();\n  _LoginPage.default.openLoginPopup();\n  _LoginPage.default.forgetPassw();\n});",
              "err": {},
              "uuid": "663a3f3a-81c0-4e65-b481-464f57d16c6e",
              "parentUUID": "65a92b5d-cc5d-4838-be36-02887ba93a9b",
              "isHook": false,
              "skipped": false
            }
          ],
          "suites": [],
          "passes": [
            "00dc81b6-6408-446a-8470-6e47dacfcd00",
            "c4b50e98-5018-4114-8ea8-b783857ae9c3",
            "3ca43f96-daf6-4835-8ef1-79b9b8623d70",
            "6d8ef73a-272e-4dd0-8ad0-0cf95cd69c4f",
            "5ad3867a-6dcd-4730-87ad-c54fb95f7a1b",
            "aa6fbd12-efa7-42cc-ae85-9b74e4f15aa1",
            "b84679ca-1e03-4290-9f58-1778254cd846",
            "663a3f3a-81c0-4e65-b481-464f57d16c6e"
          ],
          "failures": [],
          "pending": [],
          "skipped": [],
          "duration": 16629,
          "root": false,
          "rootEmpty": false,
          "_timeout": 2000
        }
      ],
      "passes": [],
      "failures": [],
      "pending": [],
      "skipped": [],
      "duration": 0,
      "root": true,
      "rootEmpty": true,
      "_timeout": 2000
    }
  ],
  "meta": {
    "mocha": {
      "version": "7.2.0"
    },
    "mochawesome": {
      "options": {
        "quiet": false,
        "reportFilename": "mochawesome",
        "saveHtml": false,
        "saveJson": true,
        "consoleReporter": "spec",
        "useInlineDiffs": false,
        "code": true
      },
      "version": "7.1.4"
    },
    "marge": {
      "options": {
        "reportDir": "cypress/reports",
        "overwrite": false,
        "html": false,
        "json": true
      },
      "version": "6.3.0"
    }
  }
}