{
  "stats": {
    "suites": 1,
    "tests": 8,
    "passes": 8,
    "pending": 0,
    "failures": 0,
    "start": "2025-10-04T18:04:43.607Z",
    "end": "2025-10-04T18:05:33.099Z",
    "duration": 49492,
    "testsRegistered": 8,
    "passPercent": 100,
    "pendingPercent": 0,
    "other": 0,
    "hasOther": false,
    "skipped": 0,
    "hasSkipped": false
  },
  "results": [
    {
      "uuid": "60e6279c-9a46-475a-9c91-bd05953d4c87",
      "title": "",
      "fullFile": "cypress\\e2e\\US02_SearchProduct.cy.js",
      "file": "cypress\\e2e\\US02_SearchProduct.cy.js",
      "beforeHooks": [],
      "afterHooks": [],
      "tests": [],
      "suites": [
        {
          "uuid": "74a45f7b-fc31-46ac-92e1-c73930b46156",
          "title": "Kitapsepeti Search Testleri",
          "fullFile": "",
          "file": "",
          "beforeHooks": [],
          "afterHooks": [],
          "tests": [
            {
              "title": "TC09_Arama Çubuğuna en az 1 karakter yazılarak arama yapılması",
              "fullTitle": "Kitapsepeti Search Testleri TC09_Arama Çubuğuna en az 1 karakter yazılarak arama yapılması",
              "timedOut": null,
              "duration": 5764,
              "state": "passed",
              "speed": "medium",
              "pass": true,
              "fail": false,
              "pending": false,
              "context": null,
              "code": "cy.fixture(\"Search\").then(expected => {\n  _SearchProduct.default.visit();\n  // SearchProduct.openLoginPopup();\n  // SearchProduct.fillEmail(expected.email);\n  // SearchProduct.fillPassword(expected.password);\n  // SearchProduct.submitLogin();\n  _SearchProduct.default.SearchBox(expected.Product);\n  _SearchProduct.default.SearchButton();\n});",
              "err": {},
              "uuid": "b53e9f92-30f6-4c59-89a8-175bca768e35",
              "parentUUID": "74a45f7b-fc31-46ac-92e1-c73930b46156",
              "isHook": false,
              "skipped": false
            },
            {
              "title": "TC10_Arama yapılan ürünün yüklenmesi",
              "fullTitle": "Kitapsepeti Search Testleri TC10_Arama yapılan ürünün yüklenmesi",
              "timedOut": null,
              "duration": 3924,
              "state": "passed",
              "speed": "fast",
              "pass": true,
              "fail": false,
              "pending": false,
              "context": null,
              "code": "cy.fixture(\"Search\").then(expected => {\n  _SearchProduct.default.visit();\n  // SearchProduct.openLoginPopup();\n  // SearchProduct.fillEmail(expected.email);\n  // SearchProduct.fillPassword(expected.password);\n  // SearchProduct.submitLogin();\n  _SearchProduct.default.SearchBox(expected.Product);\n  _SearchProduct.default.SearchButton();\n  _SearchProduct.default.cleanSearchButton();\n});",
              "err": {},
              "uuid": "93ebee29-691c-46b7-b5cb-d1f11b1692ad",
              "parentUUID": "74a45f7b-fc31-46ac-92e1-c73930b46156",
              "isHook": false,
              "skipped": false
            },
            {
              "title": "TC11_Sistemde olmayan bir ürünü aratma",
              "fullTitle": "Kitapsepeti Search Testleri TC11_Sistemde olmayan bir ürünü aratma",
              "timedOut": null,
              "duration": 3713,
              "state": "passed",
              "speed": "fast",
              "pass": true,
              "fail": false,
              "pending": false,
              "context": null,
              "code": "cy.fixture(\"Search\").then(expected => {\n  _SearchProduct.default.visit();\n  // SearchProduct.openLoginPopup();\n  // SearchProduct.fillEmail(expected.email);\n  // SearchProduct.fillPassword(expected.password);\n  // SearchProduct.submitLogin();\n  _SearchProduct.default.SearchBox(expected.Product1);\n  _SearchProduct.default.SearchButton();\n  _SearchProduct.default.cleanSearchButton();\n});",
              "err": {},
              "uuid": "0c667030-9070-4f63-82c0-33ae2ffeaa1d",
              "parentUUID": "74a45f7b-fc31-46ac-92e1-c73930b46156",
              "isHook": false,
              "skipped": false
            },
            {
              "title": "TC12_Arama yapılan ürün bilgilerinin yüklenmesi",
              "fullTitle": "Kitapsepeti Search Testleri TC12_Arama yapılan ürün bilgilerinin yüklenmesi",
              "timedOut": null,
              "duration": 4621,
              "state": "passed",
              "speed": "fast",
              "pass": true,
              "fail": false,
              "pending": false,
              "context": null,
              "code": "cy.fixture(\"Search\").then(expected => {\n  _SearchProduct.default.visit();\n  // SearchProduct.openLoginPopup();\n  // SearchProduct.fillEmail(expected.email);\n  // SearchProduct.fillPassword(expected.password);\n  // SearchProduct.submitLogin();\n  _SearchProduct.default.SearchBox(expected.Product);\n  _SearchProduct.default.SearchButton();\n  _SearchProduct.default.cleanSearchButton();\n  cy.get('img').should(\"be.visible\");\n  cy.get('.product-title.text-center').should(\"be.visible\"); // ürün ismi\n  cy.get('.fw-regular.brand-title').should(\"be.visible\"); // ürün markası\n  cy.get('.fw-regular.current-price').should(\"be.visible\"); // ücreti\n});",
              "err": {},
              "uuid": "85733c36-31b3-46da-a1c6-514fb140e906",
              "parentUUID": "74a45f7b-fc31-46ac-92e1-c73930b46156",
              "isHook": false,
              "skipped": false
            },
            {
              "title": "TC13_Arama yapılan ürünün sepete ekle butonu kontrolü",
              "fullTitle": "Kitapsepeti Search Testleri TC13_Arama yapılan ürünün sepete ekle butonu kontrolü",
              "timedOut": null,
              "duration": 3993,
              "state": "passed",
              "speed": "fast",
              "pass": true,
              "fail": false,
              "pending": false,
              "context": null,
              "code": "cy.fixture(\"Search\").then(expected => {\n  _SearchProduct.default.visit();\n  // SearchProduct.openLoginPopup();\n  // SearchProduct.fillEmail(expected.email);\n  // SearchProduct.fillPassword(expected.password);\n  // SearchProduct.submitLogin();\n  _SearchProduct.default.SearchBox(expected.Product);\n  _SearchProduct.default.SearchButton();\n  _SearchProduct.default.cleanSearchButton();\n  _SearchProduct.default.productVisible();\n  cy.get('.fw-regular.current-price').should(\"be.visible\");\n});",
              "err": {},
              "uuid": "24d61949-3dc0-4c14-a841-ec09c65ea1d3",
              "parentUUID": "74a45f7b-fc31-46ac-92e1-c73930b46156",
              "isHook": false,
              "skipped": false
            },
            {
              "title": "TC14_Sıralama Seçenekleri",
              "fullTitle": "Kitapsepeti Search Testleri TC14_Sıralama Seçenekleri",
              "timedOut": null,
              "duration": 4612,
              "state": "passed",
              "speed": "fast",
              "pass": true,
              "fail": false,
              "pending": false,
              "context": null,
              "code": "cy.fixture(\"Search\").then(expected => {\n  _SearchProduct.default.visit();\n  // SearchProduct.openLoginPopup();\n  // SearchProduct.fillEmail(expected.email);\n  // SearchProduct.fillPassword(expected.password);\n  // SearchProduct.submitLogin();\n  _SearchProduct.default.SearchBox(expected.Product);\n  _SearchProduct.default.SearchButton();\n  _SearchProduct.default.cleanSearchButton();\n  cy.get('.cc-nb-okagree', {\n    timeout: 10000\n  }).should('be.visible').click();\n  _SearchProduct.default.productVisible();\n  cy.get('select#sort').should('be.visible');\n  cy.get('select#sort > option').contains('Varsayılan Sıralama').should('exist');\n  cy.get('select#sort > option').contains('Yeniden Eskiye').should('exist');\n  cy.get('select#sort > option').contains('Eskiden Yeniye').should('exist');\n  cy.get('select#sort > option').contains('Fiyat Artan').should('exist');\n  cy.get('select#sort > option').contains('Fiyat Azalan').should('exist');\n});",
              "err": {},
              "uuid": "c7e5b63e-9864-4ae9-897e-4c30034ddff9",
              "parentUUID": "74a45f7b-fc31-46ac-92e1-c73930b46156",
              "isHook": false,
              "skipped": false
            },
            {
              "title": "TC15_Kategorilerden ürün seçmek",
              "fullTitle": "Kitapsepeti Search Testleri TC15_Kategorilerden ürün seçmek",
              "timedOut": null,
              "duration": 11611,
              "state": "passed",
              "speed": "slow",
              "pass": true,
              "fail": false,
              "pending": false,
              "context": null,
              "code": "cy.fixture(\"Search\").then(expected => {\n  _SearchProduct.default.visit();\n  // SearchProduct.openLoginPopup();\n  // SearchProduct.fillEmail(expected.email);\n  // SearchProduct.fillPassword(expected.password);\n  // SearchProduct.submitLogin();\n  _SearchProduct.default.SearchBox(expected.Product);\n  _SearchProduct.default.SearchButton();\n  _SearchProduct.default.cleanSearchButton();\n  _SearchProduct.default.productVisible();\n  cy.get('.cc-nb-okagree', {\n    timeout: 10000\n  }).should('be.visible').click();\n  cy.wait(3000);\n  // Marka accordion aç, ilk seçeneğe tıkla ve kontrol et.  Kategori ve model için de accordion yanına isimlerini yazmak yeterli.\n  cy.get('#accordion-categories-361').click();\n  cy.get('#accordion-model-361').click();\n  cy.get('#accordion-brand-361').should('have.class', 'active').next('div').find('label.filter-item').first().scrollIntoView().click({\n    force: true\n  });\n  cy.get('button.btn.btn-secondary').contains('Seçimi Filtrele').scrollIntoView().click({\n    force: true\n  });\n});",
              "err": {},
              "uuid": "e08579e2-9ff0-406f-b4b0-00c54a8daac3",
              "parentUUID": "74a45f7b-fc31-46ac-92e1-c73930b46156",
              "isHook": false,
              "skipped": false
            },
            {
              "title": "TC16_Arama yapılan ürünün yüklenmesi SCROLL YAPMA",
              "fullTitle": "Kitapsepeti Search Testleri TC16_Arama yapılan ürünün yüklenmesi SCROLL YAPMA",
              "timedOut": null,
              "duration": 8751,
              "state": "passed",
              "speed": "medium",
              "pass": true,
              "fail": false,
              "pending": false,
              "context": null,
              "code": "cy.fixture(\"Search\").then(expected => {\n  _SearchProduct.default.visit();\n  // SearchProduct.openLoginPopup();\n  // SearchProduct.fillEmail(expected.email);\n  // SearchProduct.fillPassword(expected.password);\n  // SearchProduct.submitLogin();\n  _SearchProduct.default.SearchBox(expected.Product);\n  _SearchProduct.default.SearchButton();\n  _SearchProduct.default.cleanSearchButton();\n  _SearchProduct.default.productVisible();\n  cy.get('.fw-regular.current-price').should(\"be.visible\");\n  cy.scrollTo('0%', '75%');\n  cy.wait(2000);\n  cy.scrollTo('0%', '80%');\n  cy.wait(2000);\n});",
              "err": {},
              "uuid": "65592712-f334-4757-8d30-4327fad7a753",
              "parentUUID": "74a45f7b-fc31-46ac-92e1-c73930b46156",
              "isHook": false,
              "skipped": false
            }
          ],
          "suites": [],
          "passes": [
            "b53e9f92-30f6-4c59-89a8-175bca768e35",
            "93ebee29-691c-46b7-b5cb-d1f11b1692ad",
            "0c667030-9070-4f63-82c0-33ae2ffeaa1d",
            "85733c36-31b3-46da-a1c6-514fb140e906",
            "24d61949-3dc0-4c14-a841-ec09c65ea1d3",
            "c7e5b63e-9864-4ae9-897e-4c30034ddff9",
            "e08579e2-9ff0-406f-b4b0-00c54a8daac3",
            "65592712-f334-4757-8d30-4327fad7a753"
          ],
          "failures": [],
          "pending": [],
          "skipped": [],
          "duration": 46989,
          "root": false,
          "rootEmpty": false,
          "_timeout": 2000
        }
      ],
      "passes": [],
      "failures": [],
      "pending": [],
      "skipped": [],
      "duration": 0,
      "root": true,
      "rootEmpty": true,
      "_timeout": 2000
    }
  ],
  "meta": {
    "mocha": {
      "version": "7.2.0"
    },
    "mochawesome": {
      "options": {
        "quiet": false,
        "reportFilename": "mochawesome",
        "saveHtml": false,
        "saveJson": true,
        "consoleReporter": "spec",
        "useInlineDiffs": false,
        "code": true
      },
      "version": "7.1.4"
    },
    "marge": {
      "options": {
        "reportDir": "cypress/reports",
        "overwrite": false,
        "html": false,
        "json": true
      },
      "version": "6.3.0"
    }
  }
}